Performing C SOURCE FILE Test CMAKE_HAVE_LIBC_PTHREAD failed with the following output:
Change Dir: /home/kishore/S3Server/amqpcpp/rabbitmq-c/build/CMakeFiles/CMakeTmp

Run Build Command(s):/usr/bin/make cmTC_4daba/fast && /usr/bin/make -f CMakeFiles/cmTC_4daba.dir/build.make CMakeFiles/cmTC_4daba.dir/build
make[1]: Entering directory '/home/kishore/S3Server/amqpcpp/rabbitmq-c/build/CMakeFiles/CMakeTmp'
Building C object CMakeFiles/cmTC_4daba.dir/src.c.o
/usr/bin/cc   -DCMAKE_HAVE_LIBC_PTHREAD   -std=gnu99 -o CMakeFiles/cmTC_4daba.dir/src.c.o   -c /home/kishore/S3Server/amqpcpp/rabbitmq-c/build/CMakeFiles/CMakeTmp/src.c
Linking C executable cmTC_4daba
/usr/bin/cmake -E cmake_link_script CMakeFiles/cmTC_4daba.dir/link.txt --verbose=1
/usr/bin/cc  -DCMAKE_HAVE_LIBC_PTHREAD    CMakeFiles/cmTC_4daba.dir/src.c.o  -o cmTC_4daba 
/usr/bin/ld: CMakeFiles/cmTC_4daba.dir/src.c.o: in function `main':
src.c:(.text+0x46): undefined reference to `pthread_create'
/usr/bin/ld: src.c:(.text+0x52): undefined reference to `pthread_detach'
/usr/bin/ld: src.c:(.text+0x63): undefined reference to `pthread_join'
collect2: error: ld returned 1 exit status
make[1]: *** [CMakeFiles/cmTC_4daba.dir/build.make:87: cmTC_4daba] Error 1
make[1]: Leaving directory '/home/kishore/S3Server/amqpcpp/rabbitmq-c/build/CMakeFiles/CMakeTmp'
make: *** [Makefile:121: cmTC_4daba/fast] Error 2


Source file was:
#include <pthread.h>

void* test_func(void* data)
{
  return data;
}

int main(void)
{
  pthread_t thread;
  pthread_create(&thread, NULL, test_func, NULL);
  pthread_detach(thread);
  pthread_join(thread, NULL);
  pthread_atfork(NULL, NULL, NULL);
  pthread_exit(NULL);

  return 0;
}

Performing C SOURCE FILE Test COMPILER_HAS_HIDDEN_INLINE_VISIBILITY failed with the following output:
Change Dir: /home/kishore/S3Server/amqpcpp/rabbitmq-c/build/CMakeFiles/CMakeTmp

Run Build Command(s):/usr/bin/make cmTC_3df76/fast && /usr/bin/make -f CMakeFiles/cmTC_3df76.dir/build.make CMakeFiles/cmTC_3df76.dir/build
make[1]: Entering directory '/home/kishore/S3Server/amqpcpp/rabbitmq-c/build/CMakeFiles/CMakeTmp'
Building C object CMakeFiles/cmTC_3df76.dir/src.c.o
/usr/bin/cc   -DCOMPILER_HAS_HIDDEN_INLINE_VISIBILITY   -fvisibility-inlines-hidden -std=gnu99 -o CMakeFiles/cmTC_3df76.dir/src.c.o   -c /home/kishore/S3Server/amqpcpp/rabbitmq-c/build/CMakeFiles/CMakeTmp/src.c
cc1: warning: command line option '-fvisibility-inlines-hidden' is valid for C++/ObjC++ but not for C
Linking C executable cmTC_3df76
/usr/bin/cmake -E cmake_link_script CMakeFiles/cmTC_3df76.dir/link.txt --verbose=1
/usr/bin/cc  -DCOMPILER_HAS_HIDDEN_INLINE_VISIBILITY    CMakeFiles/cmTC_3df76.dir/src.c.o  -o cmTC_3df76 
make[1]: Leaving directory '/home/kishore/S3Server/amqpcpp/rabbitmq-c/build/CMakeFiles/CMakeTmp'


Source file was:
int main(void) { return 0; }
